<?xml version="1.0" encoding="UTF-8"?>
<!-- Generated by org.testng.reporters.JUnitXMLReporter -->
<testsuite ignored="1" hostname="NevaanSengar" failures="0" tests="29" name="SauceDemo Tests" time="112.882" errors="0" timestamp="2024-06-06T15:03:51 EDT">
  <testcase classname="com.saucedemo.testcases.LoginPageTest" name="verifyLoginPageTitle" time="3.028"/>
  <testcase classname="com.saucedemo.testcases.LoginPageTest" name="verifyLogin" time="3.345"/>
  <testcase classname="com.saucedemo.testcases.LoginPageTest" name="verifyInvaildLogin" time="3.221"/>
  <testcase classname="com.saucedemo.testcases.HomeProductsPageTest" name="verifyOnHomeProductsPage" time="0.03"/>
  <testcase classname="com.saucedemo.testcases.HomeProductsPageTest" name="verifyPriceLowToHighDisplayed" time="0.179"/>
  <testcase classname="com.saucedemo.testcases.HomeProductsPageTest" name="verifyPriceHighToLowDisplayed" time="0.174"/>
  <testcase classname="com.saucedemo.testcases.HomeProductsPageTest" name="verifyNamesInAscendingOderDisplayed" time="0.172"/>
  <testcase classname="com.saucedemo.testcases.HomeProductsPageTest" name="verifyNamesInDescendingOderDisplayed" time="0.192"/>
  <testcase classname="com.saucedemo.testcases.HomeProductsPageTest" name="verifyAddToCart" time="0.283"/>
  <testcase classname="com.saucedemo.testcases.HomeProductsPageTest" name="verifyAddingTwoItems" time="0.288"/>
  <testcase classname="com.saucedemo.testcases.HomeProductsPageTest" name="verifyClickingOnProductLink" time="0.126"/>
  <testcase classname="com.saucedemo.testcases.HomeProductsPageTest" name="verifyClickingOnCart" time="0.08"/>
  <testcase classname="com.saucedemo.testcases.ProductDetailPageTest" name="verifyOnProductDetailsPage" time="3.034"/>
  <testcase classname="com.saucedemo.testcases.ProductDetailPageTest" name="verifyAddProductToCart" time="3.093"/>
  <testcase classname="com.saucedemo.testcases.ProductDetailPageTest" name="verifyClickingOnCart" time="0.064"/>
  <testcase classname="com.saucedemo.testcases.ShoppingCartPageTest" name="verifyOnShoppingCartPage" time="2.022"/>
  <testcase classname="com.saucedemo.testcases.ShoppingCartPageTest" name="verifyCheckOutButton" time="2.066"/>
  <testcase classname="com.saucedemo.testcases.ShoppingCartPageTest" name="verifyContinueShoppingButton" time="2.068"/>
  <testcase classname="com.saucedemo.testcases.CheckoutPageTest" name="verifyOnCheckoutPage" time="2.039"/>
  <testcase classname="com.saucedemo.testcases.CheckoutPageTest" name="verifyCancelButton" time="2.106"/>
  <testcase classname="com.saucedemo.testcases.CheckoutPageTest" name="verifyContinueCheckoutButton" time="2.28"/>
  <testcase classname="com.saucedemo.testcases.OverviewPageTest" name="verifyOnOverviewPage" time="2.03"/>
  <testcase classname="com.saucedemo.testcases.OverviewPageTest" name="verifyTotalPriceWithoutTax" time="2.094"/>
  <testcase classname="com.saucedemo.testcases.OverviewPageTest" name="verifyTax" time="2.08"/>
  <testcase classname="com.saucedemo.testcases.OverviewPageTest" name="verifyFinalTotal" time="2.134"/>
  <testcase classname="com.saucedemo.testcases.OverviewPageTest" name="verifyClickingOnCancel" time="2.071"/>
  <testcase classname="com.saucedemo.testcases.OverviewPageTest" name="verifyClickingOnFinish" time="2.063"/>
  <testcase classname="com.saucedemo.testcases.OrderCompletePageTest" name="verifyOnFinalPage" time="2.023"/>
  <testcase classname="com.saucedemo.testcases.OrderCompletePageTest" name="verifyClickingOnBackHome" time="2.075"/>
  <testcase classname="com.saucedemo.testcases.ProductDetailPageTest" name="verifyRemoveProduct" time="0.0">
    <ignored/>
  </testcase> <!-- verifyRemoveProduct -->
</testsuite> <!-- SauceDemo Tests -->
