<?xml version="1.0" encoding="UTF-8"?>
<testsuite xmlns:xsi="http://www.w3.org/2001/XMLSchema-instance" xsi:noNamespaceSchemaLocation="https://maven.apache.org/surefire/maven-surefire-plugin/xsd/surefire-test-report-3.0.xsd" version="3.0" name="TestSuite" time="113.465" tests="29" errors="0" skipped="0" failures="0">
  <properties>
[...]
</properties>
  <testcase name="verifyLoginPageTitle" classname="com.saucedemo.testcases.LoginPageTest" time="3.032">
    <system-out><![CDATA[Browser is  Chrome
the url ishttps://www.saucedemo.com/driver is ChromeDriver: chrome on windows (f97aaa3152775638be394f983ede9a54)driver is hereChromeDriver: chrome on windows (f97aaa3152775638be394f983ede9a54)]]></system-out>
    <system-err><![CDATA[SLF4J: Failed to load class "org.slf4j.impl.StaticLoggerBinder".
SLF4J: Defaulting to no-operation (NOP) logger implementation
SLF4J: See http://www.slf4j.org/codes.html#StaticLoggerBinder for further details.
Jun 06, 2024 3:01:59 PM org.openqa.selenium.devtools.CdpVersionFinder findNearestMatch
WARNING: Unable to find an exact match for CDP version 125, returning the closest version; found: 121; Please update to a Selenium version that supports CDP version 125
]]></system-err>
  </testcase>
  <testcase name="verifyLogin" classname="com.saucedemo.testcases.LoginPageTest" time="3.346">
    <system-out><![CDATA[Browser is  Chrome
the url ishttps://www.saucedemo.com/driver is ChromeDriver: chrome on windows (f9258190e8ca4c2cfa4834825218014f)driver is hereChromeDriver: chrome on windows (f9258190e8ca4c2cfa4834825218014f)driver is hereChromeDriver: chrome on windows (f9258190e8ca4c2cfa4834825218014f)]]></system-out>
    <system-err><![CDATA[Jun 06, 2024 3:02:04 PM org.openqa.selenium.devtools.CdpVersionFinder findNearestMatch
WARNING: Unable to find an exact match for CDP version 125, returning the closest version; found: 121; Please update to a Selenium version that supports CDP version 125
]]></system-err>
  </testcase>
  <testcase name="verifyInvaildLogin" classname="com.saucedemo.testcases.LoginPageTest" time="3.222">
    <system-out><![CDATA[Browser is  Chrome
the url ishttps://www.saucedemo.com/driver is ChromeDriver: chrome on windows (3dfc1cd0b5c3bf4145c8193e7f1a13e2)driver is hereChromeDriver: chrome on windows (3dfc1cd0b5c3bf4145c8193e7f1a13e2)]]></system-out>
    <system-err><![CDATA[Jun 06, 2024 3:02:09 PM org.openqa.selenium.devtools.CdpVersionFinder findNearestMatch
WARNING: Unable to find an exact match for CDP version 125, returning the closest version; found: 121; Please update to a Selenium version that supports CDP version 125
]]></system-err>
  </testcase>
  <testcase name="verifyOnHomeProductsPage" classname="com.saucedemo.testcases.HomeProductsPageTest" time="0.031">
    <system-out><![CDATA[Browser is  Chrome
the url ishttps://www.saucedemo.com/driver is ChromeDriver: chrome on windows (0a741a157aca2fea20a4129134d1807e)driver is hereChromeDriver: chrome on windows (0a741a157aca2fea20a4129134d1807e)driver is hereChromeDriver: chrome on windows (0a741a157aca2fea20a4129134d1807e)]]></system-out>
    <system-err><![CDATA[Jun 06, 2024 3:02:14 PM org.openqa.selenium.devtools.CdpVersionFinder findNearestMatch
WARNING: Unable to find an exact match for CDP version 125, returning the closest version; found: 121; Please update to a Selenium version that supports CDP version 125
]]></system-err>
  </testcase>
  <testcase name="verifyPriceLowToHighDisplayed" classname="com.saucedemo.testcases.HomeProductsPageTest" time="0.18">
    <system-out><![CDATA[Browser is  Chrome
the url ishttps://www.saucedemo.com/driver is ChromeDriver: chrome on windows (fa7781b1993bbef26e4f129c7ea279de)driver is hereChromeDriver: chrome on windows (fa7781b1993bbef26e4f129c7ea279de)driver is hereChromeDriver: chrome on windows (fa7781b1993bbef26e4f129c7ea279de)Sorted List is [7.99, 9.99, 15.99, 15.99, 29.99, 49.99]
Actual List is [7.99, 9.99, 15.99, 15.99, 29.99, 49.99]
]]></system-out>
    <system-err><![CDATA[Jun 06, 2024 3:02:16 PM org.openqa.selenium.devtools.CdpVersionFinder findNearestMatch
WARNING: Unable to find an exact match for CDP version 125, returning the closest version; found: 121; Please update to a Selenium version that supports CDP version 125
]]></system-err>
  </testcase>
  <testcase name="verifyPriceHighToLowDisplayed" classname="com.saucedemo.testcases.HomeProductsPageTest" time="0.174">
    <system-out><![CDATA[Browser is  Chrome
the url ishttps://www.saucedemo.com/driver is ChromeDriver: chrome on windows (cfcbca59d450d2b5038cb8523e02d6ae)driver is hereChromeDriver: chrome on windows (cfcbca59d450d2b5038cb8523e02d6ae)driver is hereChromeDriver: chrome on windows (cfcbca59d450d2b5038cb8523e02d6ae)Sorted List is [49.99, 29.99, 15.99, 15.99, 9.99, 7.99]
Actual List is [49.99, 29.99, 15.99, 15.99, 9.99, 7.99]
]]></system-out>
    <system-err><![CDATA[Jun 06, 2024 3:02:18 PM org.openqa.selenium.devtools.CdpVersionFinder findNearestMatch
WARNING: Unable to find an exact match for CDP version 125, returning the closest version; found: 121; Please update to a Selenium version that supports CDP version 125
]]></system-err>
  </testcase>
  <testcase name="verifyNamesInAscendingOderDisplayed" classname="com.saucedemo.testcases.HomeProductsPageTest" time="0.169">
    <system-out><![CDATA[Browser is  Chrome
the url ishttps://www.saucedemo.com/driver is ChromeDriver: chrome on windows (794a7e55bc1fef54af267612f3063fcb)driver is hereChromeDriver: chrome on windows (794a7e55bc1fef54af267612f3063fcb)driver is hereChromeDriver: chrome on windows (794a7e55bc1fef54af267612f3063fcb)Sorted List is [Sauce Labs Backpack, Sauce Labs Bike Light, Sauce Labs Bolt T-Shirt, Sauce Labs Fleece Jacket, Sauce Labs Onesie, Test.allTheThings() T-Shirt (Red)]
Actual List is [Sauce Labs Backpack, Sauce Labs Bike Light, Sauce Labs Bolt T-Shirt, Sauce Labs Fleece Jacket, Sauce Labs Onesie, Test.allTheThings() T-Shirt (Red)]
]]></system-out>
    <system-err><![CDATA[Jun 06, 2024 3:02:20 PM org.openqa.selenium.devtools.CdpVersionFinder findNearestMatch
WARNING: Unable to find an exact match for CDP version 125, returning the closest version; found: 121; Please update to a Selenium version that supports CDP version 125
]]></system-err>
  </testcase>
  <testcase name="verifyNamesInDescendingOderDisplayed" classname="com.saucedemo.testcases.HomeProductsPageTest" time="0.193">
    <system-out><![CDATA[Browser is  Chrome
the url ishttps://www.saucedemo.com/driver is ChromeDriver: chrome on windows (2af6fa72197dba0b97e15861846936e7)driver is hereChromeDriver: chrome on windows (2af6fa72197dba0b97e15861846936e7)driver is hereChromeDriver: chrome on windows (2af6fa72197dba0b97e15861846936e7)Sorted List is [Test.allTheThings() T-Shirt (Red), Sauce Labs Onesie, Sauce Labs Fleece Jacket, Sauce Labs Bolt T-Shirt, Sauce Labs Bike Light, Sauce Labs Backpack]
Actual List is [Test.allTheThings() T-Shirt (Red), Sauce Labs Onesie, Sauce Labs Fleece Jacket, Sauce Labs Bolt T-Shirt, Sauce Labs Bike Light, Sauce Labs Backpack]
]]></system-out>
    <system-err><![CDATA[Jun 06, 2024 3:02:22 PM org.openqa.selenium.devtools.CdpVersionFinder findNearestMatch
WARNING: Unable to find an exact match for CDP version 125, returning the closest version; found: 121; Please update to a Selenium version that supports CDP version 125
]]></system-err>
  </testcase>
  <testcase name="verifyAddToCart" classname="com.saucedemo.testcases.HomeProductsPageTest" time="0.283">
    <system-out><![CDATA[Browser is  Chrome
the url ishttps://www.saucedemo.com/driver is ChromeDriver: chrome on windows (499872a68ba8c8b390a82f9d11fa81a2)driver is hereChromeDriver: chrome on windows (499872a68ba8c8b390a82f9d11fa81a2)driver is hereChromeDriver: chrome on windows (499872a68ba8c8b390a82f9d11fa81a2)]]></system-out>
    <system-err><![CDATA[Jun 06, 2024 3:02:25 PM org.openqa.selenium.devtools.CdpVersionFinder findNearestMatch
WARNING: Unable to find an exact match for CDP version 125, returning the closest version; found: 121; Please update to a Selenium version that supports CDP version 125
]]></system-err>
  </testcase>
  <testcase name="verifyAddingTwoItems" classname="com.saucedemo.testcases.HomeProductsPageTest" time="0.288">
    <system-out><![CDATA[Browser is  Chrome
the url ishttps://www.saucedemo.com/driver is ChromeDriver: chrome on windows (ecce6a45967251fffaeeafc30cb3f438)driver is hereChromeDriver: chrome on windows (ecce6a45967251fffaeeafc30cb3f438)driver is hereChromeDriver: chrome on windows (ecce6a45967251fffaeeafc30cb3f438)]]></system-out>
    <system-err><![CDATA[Jun 06, 2024 3:02:27 PM org.openqa.selenium.devtools.CdpVersionFinder findNearestMatch
WARNING: Unable to find an exact match for CDP version 125, returning the closest version; found: 121; Please update to a Selenium version that supports CDP version 125
]]></system-err>
  </testcase>
  <testcase name="verifyClickingOnProductLink" classname="com.saucedemo.testcases.HomeProductsPageTest" time="0.125">
    <system-out><![CDATA[Browser is  Chrome
the url ishttps://www.saucedemo.com/driver is ChromeDriver: chrome on windows (3409782946e87b313fae8caaf78557b4)driver is hereChromeDriver: chrome on windows (3409782946e87b313fae8caaf78557b4)driver is hereChromeDriver: chrome on windows (3409782946e87b313fae8caaf78557b4)driver is hereChromeDriver: chrome on windows (3409782946e87b313fae8caaf78557b4)]]></system-out>
    <system-err><![CDATA[Jun 06, 2024 3:02:29 PM org.openqa.selenium.devtools.CdpVersionFinder findNearestMatch
WARNING: Unable to find an exact match for CDP version 125, returning the closest version; found: 121; Please update to a Selenium version that supports CDP version 125
]]></system-err>
  </testcase>
  <testcase name="verifyClickingOnCart" classname="com.saucedemo.testcases.HomeProductsPageTest" time="0.081">
    <system-out><![CDATA[Browser is  Chrome
the url ishttps://www.saucedemo.com/driver is ChromeDriver: chrome on windows (4b69b7d507949608a7f6d54d5879669b)driver is hereChromeDriver: chrome on windows (4b69b7d507949608a7f6d54d5879669b)driver is hereChromeDriver: chrome on windows (4b69b7d507949608a7f6d54d5879669b)]]></system-out>
    <system-err><![CDATA[Jun 06, 2024 3:02:31 PM org.openqa.selenium.devtools.CdpVersionFinder findNearestMatch
WARNING: Unable to find an exact match for CDP version 125, returning the closest version; found: 121; Please update to a Selenium version that supports CDP version 125
]]></system-err>
  </testcase>
  <testcase name="verifyOnProductDetailsPage" classname="com.saucedemo.testcases.ProductDetailPageTest" time="3.034">
    <system-out><![CDATA[Browser is  Chrome
the url ishttps://www.saucedemo.com/driver is ChromeDriver: chrome on windows (06b40ff1573a264fc176fd42126072e8)driver is hereChromeDriver: chrome on windows (06b40ff1573a264fc176fd42126072e8)driver is hereChromeDriver: chrome on windows (06b40ff1573a264fc176fd42126072e8)driver is hereChromeDriver: chrome on windows (06b40ff1573a264fc176fd42126072e8)]]></system-out>
    <system-err><![CDATA[Jun 06, 2024 3:02:33 PM org.openqa.selenium.devtools.CdpVersionFinder findNearestMatch
WARNING: Unable to find an exact match for CDP version 125, returning the closest version; found: 121; Please update to a Selenium version that supports CDP version 125
]]></system-err>
  </testcase>
  <testcase name="verifyAddProductToCart" classname="com.saucedemo.testcases.ProductDetailPageTest" time="3.094">
    <system-out><![CDATA[Browser is  Chrome
the url ishttps://www.saucedemo.com/driver is ChromeDriver: chrome on windows (ea25db60c45d442cadf128f6d77eecf5)driver is hereChromeDriver: chrome on windows (ea25db60c45d442cadf128f6d77eecf5)driver is hereChromeDriver: chrome on windows (ea25db60c45d442cadf128f6d77eecf5)driver is hereChromeDriver: chrome on windows (ea25db60c45d442cadf128f6d77eecf5)Cart Count is 1
]]></system-out>
    <system-err><![CDATA[Jun 06, 2024 3:02:39 PM org.openqa.selenium.devtools.CdpVersionFinder findNearestMatch
WARNING: Unable to find an exact match for CDP version 125, returning the closest version; found: 121; Please update to a Selenium version that supports CDP version 125
]]></system-err>
  </testcase>
  <testcase name="verifyClickingOnCart" classname="com.saucedemo.testcases.ProductDetailPageTest" time="0.063">
    <system-out><![CDATA[Browser is  Chrome
the url ishttps://www.saucedemo.com/driver is ChromeDriver: chrome on windows (478b1c8cf2cbe83f061e454ee85a9899)driver is hereChromeDriver: chrome on windows (478b1c8cf2cbe83f061e454ee85a9899)driver is hereChromeDriver: chrome on windows (478b1c8cf2cbe83f061e454ee85a9899)driver is hereChromeDriver: chrome on windows (478b1c8cf2cbe83f061e454ee85a9899)]]></system-out>
    <system-err><![CDATA[Jun 06, 2024 3:02:44 PM org.openqa.selenium.devtools.CdpVersionFinder findNearestMatch
WARNING: Unable to find an exact match for CDP version 125, returning the closest version; found: 121; Please update to a Selenium version that supports CDP version 125
]]></system-err>
  </testcase>
  <testcase name="verifyOnShoppingCartPage" classname="com.saucedemo.testcases.ShoppingCartPageTest" time="2.023">
    <system-out><![CDATA[Browser is  Chrome
the url ishttps://www.saucedemo.com/driver is ChromeDriver: chrome on windows (0281a6ed6d597bc81fc4e770647e9f12)driver is hereChromeDriver: chrome on windows (0281a6ed6d597bc81fc4e770647e9f12)driver is hereChromeDriver: chrome on windows (0281a6ed6d597bc81fc4e770647e9f12)driver is hereChromeDriver: chrome on windows (0281a6ed6d597bc81fc4e770647e9f12)driver is hereChromeDriver: chrome on windows (0281a6ed6d597bc81fc4e770647e9f12)driver is hereChromeDriver: chrome on windows (0281a6ed6d597bc81fc4e770647e9f12)]]></system-out>
    <system-err><![CDATA[Jun 06, 2024 3:02:46 PM org.openqa.selenium.devtools.CdpVersionFinder findNearestMatch
WARNING: Unable to find an exact match for CDP version 125, returning the closest version; found: 121; Please update to a Selenium version that supports CDP version 125
]]></system-err>
  </testcase>
  <testcase name="verifyCheckOutButton" classname="com.saucedemo.testcases.ShoppingCartPageTest" time="2.067">
    <system-out><![CDATA[Browser is  Chrome
the url ishttps://www.saucedemo.com/driver is ChromeDriver: chrome on windows (e4589d99f328735c9b668bd14c4b49fb)driver is hereChromeDriver: chrome on windows (e4589d99f328735c9b668bd14c4b49fb)driver is hereChromeDriver: chrome on windows (e4589d99f328735c9b668bd14c4b49fb)driver is hereChromeDriver: chrome on windows (e4589d99f328735c9b668bd14c4b49fb)driver is hereChromeDriver: chrome on windows (e4589d99f328735c9b668bd14c4b49fb)driver is hereChromeDriver: chrome on windows (e4589d99f328735c9b668bd14c4b49fb)]]></system-out>
    <system-err><![CDATA[Jun 06, 2024 3:02:51 PM org.openqa.selenium.devtools.CdpVersionFinder findNearestMatch
WARNING: Unable to find an exact match for CDP version 125, returning the closest version; found: 121; Please update to a Selenium version that supports CDP version 125
]]></system-err>
  </testcase>
  <testcase name="verifyContinueShoppingButton" classname="com.saucedemo.testcases.ShoppingCartPageTest" time="2.069">
    <system-out><![CDATA[Browser is  Chrome
the url ishttps://www.saucedemo.com/driver is ChromeDriver: chrome on windows (c3e8ad971d0a4e22513b0918a561d71c)driver is hereChromeDriver: chrome on windows (c3e8ad971d0a4e22513b0918a561d71c)driver is hereChromeDriver: chrome on windows (c3e8ad971d0a4e22513b0918a561d71c)driver is hereChromeDriver: chrome on windows (c3e8ad971d0a4e22513b0918a561d71c)driver is hereChromeDriver: chrome on windows (c3e8ad971d0a4e22513b0918a561d71c)driver is hereChromeDriver: chrome on windows (c3e8ad971d0a4e22513b0918a561d71c)driver is hereChromeDriver: chrome on windows (c3e8ad971d0a4e22513b0918a561d71c)]]></system-out>
    <system-err><![CDATA[Jun 06, 2024 3:02:56 PM org.openqa.selenium.devtools.CdpVersionFinder findNearestMatch
WARNING: Unable to find an exact match for CDP version 125, returning the closest version; found: 121; Please update to a Selenium version that supports CDP version 125
]]></system-err>
  </testcase>
  <testcase name="verifyOnCheckoutPage" classname="com.saucedemo.testcases.CheckoutPageTest" time="2.038">
    <system-out><![CDATA[Browser is  Chrome
the url ishttps://www.saucedemo.com/driver is ChromeDriver: chrome on windows (9db94b012eac967c3cf8ede679433cdd)driver is hereChromeDriver: chrome on windows (9db94b012eac967c3cf8ede679433cdd)driver is hereChromeDriver: chrome on windows (9db94b012eac967c3cf8ede679433cdd)driver is hereChromeDriver: chrome on windows (9db94b012eac967c3cf8ede679433cdd)driver is hereChromeDriver: chrome on windows (9db94b012eac967c3cf8ede679433cdd)driver is hereChromeDriver: chrome on windows (9db94b012eac967c3cf8ede679433cdd)]]></system-out>
    <system-err><![CDATA[Jun 06, 2024 3:03:00 PM org.openqa.selenium.devtools.CdpVersionFinder findNearestMatch
WARNING: Unable to find an exact match for CDP version 125, returning the closest version; found: 121; Please update to a Selenium version that supports CDP version 125
]]></system-err>
  </testcase>
  <testcase name="verifyCancelButton" classname="com.saucedemo.testcases.CheckoutPageTest" time="2.107">
    <system-out><![CDATA[Browser is  Chrome
the url ishttps://www.saucedemo.com/driver is ChromeDriver: chrome on windows (e4a7db8fca86ecd5f0df43d047df24be)driver is hereChromeDriver: chrome on windows (e4a7db8fca86ecd5f0df43d047df24be)driver is hereChromeDriver: chrome on windows (e4a7db8fca86ecd5f0df43d047df24be)driver is hereChromeDriver: chrome on windows (e4a7db8fca86ecd5f0df43d047df24be)driver is hereChromeDriver: chrome on windows (e4a7db8fca86ecd5f0df43d047df24be)driver is hereChromeDriver: chrome on windows (e4a7db8fca86ecd5f0df43d047df24be)]]></system-out>
    <system-err><![CDATA[Jun 06, 2024 3:03:05 PM org.openqa.selenium.devtools.CdpVersionFinder findNearestMatch
WARNING: Unable to find an exact match for CDP version 125, returning the closest version; found: 121; Please update to a Selenium version that supports CDP version 125
]]></system-err>
  </testcase>
  <testcase name="verifyContinueCheckoutButton" classname="com.saucedemo.testcases.CheckoutPageTest" time="2.281">
    <system-out><![CDATA[Browser is  Chrome
the url ishttps://www.saucedemo.com/driver is ChromeDriver: chrome on windows (f316b8a140c6268f24f07a3332d03d4b)driver is hereChromeDriver: chrome on windows (f316b8a140c6268f24f07a3332d03d4b)driver is hereChromeDriver: chrome on windows (f316b8a140c6268f24f07a3332d03d4b)driver is hereChromeDriver: chrome on windows (f316b8a140c6268f24f07a3332d03d4b)driver is hereChromeDriver: chrome on windows (f316b8a140c6268f24f07a3332d03d4b)driver is hereChromeDriver: chrome on windows (f316b8a140c6268f24f07a3332d03d4b)driver is hereChromeDriver: chrome on windows (f316b8a140c6268f24f07a3332d03d4b)]]></system-out>
    <system-err><![CDATA[Jun 06, 2024 3:03:09 PM org.openqa.selenium.devtools.CdpVersionFinder findNearestMatch
WARNING: Unable to find an exact match for CDP version 125, returning the closest version; found: 121; Please update to a Selenium version that supports CDP version 125
]]></system-err>
  </testcase>
  <testcase name="verifyOnOverviewPage" classname="com.saucedemo.testcases.OverviewPageTest" time="2.031">
    <system-out><![CDATA[Browser is  Chrome
the url ishttps://www.saucedemo.com/driver is ChromeDriver: chrome on windows (68f2b4f01e46267aed072d829e870eb7)driver is hereChromeDriver: chrome on windows (68f2b4f01e46267aed072d829e870eb7)driver is hereChromeDriver: chrome on windows (68f2b4f01e46267aed072d829e870eb7)driver is hereChromeDriver: chrome on windows (68f2b4f01e46267aed072d829e870eb7)driver is hereChromeDriver: chrome on windows (68f2b4f01e46267aed072d829e870eb7)driver is hereChromeDriver: chrome on windows (68f2b4f01e46267aed072d829e870eb7)driver is hereChromeDriver: chrome on windows (68f2b4f01e46267aed072d829e870eb7)]]></system-out>
    <system-err><![CDATA[Jun 06, 2024 3:03:14 PM org.openqa.selenium.devtools.CdpVersionFinder findNearestMatch
WARNING: Unable to find an exact match for CDP version 125, returning the closest version; found: 121; Please update to a Selenium version that supports CDP version 125
]]></system-err>
  </testcase>
  <testcase name="verifyTotalPriceWithoutTax" classname="com.saucedemo.testcases.OverviewPageTest" time="2.094">
    <system-out><![CDATA[Browser is  Chrome
the url ishttps://www.saucedemo.com/driver is ChromeDriver: chrome on windows (8cfb248cdc4a1c797951c39f8032f432)driver is hereChromeDriver: chrome on windows (8cfb248cdc4a1c797951c39f8032f432)driver is hereChromeDriver: chrome on windows (8cfb248cdc4a1c797951c39f8032f432)driver is hereChromeDriver: chrome on windows (8cfb248cdc4a1c797951c39f8032f432)driver is hereChromeDriver: chrome on windows (8cfb248cdc4a1c797951c39f8032f432)driver is hereChromeDriver: chrome on windows (8cfb248cdc4a1c797951c39f8032f432)driver is hereChromeDriver: chrome on windows (8cfb248cdc4a1c797951c39f8032f432)Displayed Sum is 17.98
Sum is 17.98
]]></system-out>
    <system-err><![CDATA[Jun 06, 2024 3:03:19 PM org.openqa.selenium.devtools.CdpVersionFinder findNearestMatch
WARNING: Unable to find an exact match for CDP version 125, returning the closest version; found: 121; Please update to a Selenium version that supports CDP version 125
]]></system-err>
  </testcase>
  <testcase name="verifyTax" classname="com.saucedemo.testcases.OverviewPageTest" time="2.081">
    <system-out><![CDATA[Browser is  Chrome
the url ishttps://www.saucedemo.com/driver is ChromeDriver: chrome on windows (6c72e645b99a096ab120e471a62e066b)driver is hereChromeDriver: chrome on windows (6c72e645b99a096ab120e471a62e066b)driver is hereChromeDriver: chrome on windows (6c72e645b99a096ab120e471a62e066b)driver is hereChromeDriver: chrome on windows (6c72e645b99a096ab120e471a62e066b)driver is hereChromeDriver: chrome on windows (6c72e645b99a096ab120e471a62e066b)driver is hereChromeDriver: chrome on windows (6c72e645b99a096ab120e471a62e066b)driver is hereChromeDriver: chrome on windows (6c72e645b99a096ab120e471a62e066b)Displayed tax is 1.44
Sum is 17.98
calculated tax is 1.44
]]></system-out>
    <system-err><![CDATA[Jun 06, 2024 3:03:23 PM org.openqa.selenium.devtools.CdpVersionFinder findNearestMatch
WARNING: Unable to find an exact match for CDP version 125, returning the closest version; found: 121; Please update to a Selenium version that supports CDP version 125
]]></system-err>
  </testcase>
  <testcase name="verifyFinalTotal" classname="com.saucedemo.testcases.OverviewPageTest" time="2.136">
    <system-out><![CDATA[Browser is  Chrome
the url ishttps://www.saucedemo.com/driver is ChromeDriver: chrome on windows (8487d7e97052c5ed3fea6e1ae74fa8b3)driver is hereChromeDriver: chrome on windows (8487d7e97052c5ed3fea6e1ae74fa8b3)driver is hereChromeDriver: chrome on windows (8487d7e97052c5ed3fea6e1ae74fa8b3)driver is hereChromeDriver: chrome on windows (8487d7e97052c5ed3fea6e1ae74fa8b3)driver is hereChromeDriver: chrome on windows (8487d7e97052c5ed3fea6e1ae74fa8b3)driver is hereChromeDriver: chrome on windows (8487d7e97052c5ed3fea6e1ae74fa8b3)driver is hereChromeDriver: chrome on windows (8487d7e97052c5ed3fea6e1ae74fa8b3)Displayed FinalTotal is 19.42
Sum is 17.98
Sum is 17.98
calculated tax is 1.44
Final Total is 19.42
]]></system-out>
    <system-err><![CDATA[Jun 06, 2024 3:03:28 PM org.openqa.selenium.devtools.CdpVersionFinder findNearestMatch
WARNING: Unable to find an exact match for CDP version 125, returning the closest version; found: 121; Please update to a Selenium version that supports CDP version 125
]]></system-err>
  </testcase>
  <testcase name="verifyClickingOnCancel" classname="com.saucedemo.testcases.OverviewPageTest" time="2.071">
    <system-out><![CDATA[Browser is  Chrome
the url ishttps://www.saucedemo.com/driver is ChromeDriver: chrome on windows (6004ae1e8ef52169c831ffeaf757192a)driver is hereChromeDriver: chrome on windows (6004ae1e8ef52169c831ffeaf757192a)driver is hereChromeDriver: chrome on windows (6004ae1e8ef52169c831ffeaf757192a)driver is hereChromeDriver: chrome on windows (6004ae1e8ef52169c831ffeaf757192a)driver is hereChromeDriver: chrome on windows (6004ae1e8ef52169c831ffeaf757192a)driver is hereChromeDriver: chrome on windows (6004ae1e8ef52169c831ffeaf757192a)driver is hereChromeDriver: chrome on windows (6004ae1e8ef52169c831ffeaf757192a)driver is hereChromeDriver: chrome on windows (6004ae1e8ef52169c831ffeaf757192a)]]></system-out>
    <system-err><![CDATA[Jun 06, 2024 3:03:33 PM org.openqa.selenium.devtools.CdpVersionFinder findNearestMatch
WARNING: Unable to find an exact match for CDP version 125, returning the closest version; found: 121; Please update to a Selenium version that supports CDP version 125
]]></system-err>
  </testcase>
  <testcase name="verifyClickingOnFinish" classname="com.saucedemo.testcases.OverviewPageTest" time="2.062">
    <system-out><![CDATA[Browser is  Chrome
the url ishttps://www.saucedemo.com/driver is ChromeDriver: chrome on windows (abf17ecc6e1e0a04cfa10007d4466073)driver is hereChromeDriver: chrome on windows (abf17ecc6e1e0a04cfa10007d4466073)driver is hereChromeDriver: chrome on windows (abf17ecc6e1e0a04cfa10007d4466073)driver is hereChromeDriver: chrome on windows (abf17ecc6e1e0a04cfa10007d4466073)driver is hereChromeDriver: chrome on windows (abf17ecc6e1e0a04cfa10007d4466073)driver is hereChromeDriver: chrome on windows (abf17ecc6e1e0a04cfa10007d4466073)driver is hereChromeDriver: chrome on windows (abf17ecc6e1e0a04cfa10007d4466073)driver is hereChromeDriver: chrome on windows (abf17ecc6e1e0a04cfa10007d4466073)]]></system-out>
    <system-err><![CDATA[Jun 06, 2024 3:03:37 PM org.openqa.selenium.devtools.CdpVersionFinder findNearestMatch
WARNING: Unable to find an exact match for CDP version 125, returning the closest version; found: 121; Please update to a Selenium version that supports CDP version 125
]]></system-err>
  </testcase>
  <testcase name="verifyOnFinalPage" classname="com.saucedemo.testcases.OrderCompletePageTest" time="2.023">
    <system-out><![CDATA[Browser is  Chrome
the url ishttps://www.saucedemo.com/driver is ChromeDriver: chrome on windows (8f6b7dd222df5bca1e33126d7bb00ce0)driver is hereChromeDriver: chrome on windows (8f6b7dd222df5bca1e33126d7bb00ce0)driver is hereChromeDriver: chrome on windows (8f6b7dd222df5bca1e33126d7bb00ce0)driver is hereChromeDriver: chrome on windows (8f6b7dd222df5bca1e33126d7bb00ce0)driver is hereChromeDriver: chrome on windows (8f6b7dd222df5bca1e33126d7bb00ce0)driver is hereChromeDriver: chrome on windows (8f6b7dd222df5bca1e33126d7bb00ce0)driver is hereChromeDriver: chrome on windows (8f6b7dd222df5bca1e33126d7bb00ce0)driver is hereChromeDriver: chrome on windows (8f6b7dd222df5bca1e33126d7bb00ce0)]]></system-out>
    <system-err><![CDATA[Jun 06, 2024 3:03:42 PM org.openqa.selenium.devtools.CdpVersionFinder findNearestMatch
WARNING: Unable to find an exact match for CDP version 125, returning the closest version; found: 121; Please update to a Selenium version that supports CDP version 125
]]></system-err>
  </testcase>
  <testcase name="verifyClickingOnBackHome" classname="com.saucedemo.testcases.OrderCompletePageTest" time="2.075">
    <system-out><![CDATA[Browser is  Chrome
the url ishttps://www.saucedemo.com/driver is ChromeDriver: chrome on windows (9c8c519a9631297318c9391df9e52741)driver is hereChromeDriver: chrome on windows (9c8c519a9631297318c9391df9e52741)driver is hereChromeDriver: chrome on windows (9c8c519a9631297318c9391df9e52741)driver is hereChromeDriver: chrome on windows (9c8c519a9631297318c9391df9e52741)driver is hereChromeDriver: chrome on windows (9c8c519a9631297318c9391df9e52741)driver is hereChromeDriver: chrome on windows (9c8c519a9631297318c9391df9e52741)driver is hereChromeDriver: chrome on windows (9c8c519a9631297318c9391df9e52741)driver is hereChromeDriver: chrome on windows (9c8c519a9631297318c9391df9e52741)driver is hereChromeDriver: chrome on windows (9c8c519a9631297318c9391df9e52741)]]></system-out>
    <system-err><![CDATA[Jun 06, 2024 3:03:47 PM org.openqa.selenium.devtools.CdpVersionFinder findNearestMatch
WARNING: Unable to find an exact match for CDP version 125, returning the closest version; found: 121; Please update to a Selenium version that supports CDP version 125
]]></system-err>
  </testcase>
</testsuite>