<?xml version="1.0" encoding="UTF-8"?>
<testsuite xmlns:xsi="http://www.w3.org/2001/XMLSchema-instance" xsi:noNamespaceSchemaLocation="https://maven.apache.org/surefire/maven-surefire-plugin/xsd/surefire-test-report-3.0.xsd" version="3.0" name="TestSuite" time="121.515" tests="29" errors="0" skipped="0" failures="0">
  <properties>
[...]
</properties>
  <testcase name="verifyLoginPageTitle" classname="com.saucedemo.testcases.LoginPageTest" time="0.038">
    <system-out><![CDATA[Browser is  Chrome
the url ishttps://www.saucedemo.com/driver is ChromeDriver: chrome on windows (f594954c294dd5c20579e9a62bad5edd)driver is hereChromeDriver: chrome on windows (f594954c294dd5c20579e9a62bad5edd)]]></system-out>
    <system-err><![CDATA[SLF4J: Failed to load class "org.slf4j.impl.StaticLoggerBinder".
SLF4J: Defaulting to no-operation (NOP) logger implementation
SLF4J: See http://www.slf4j.org/codes.html#StaticLoggerBinder for further details.
Jun 24, 2024 9:32:15 PM org.openqa.selenium.devtools.CdpVersionFinder findNearestMatch
WARNING: Unable to find CDP implementation matching 126
Jun 24, 2024 9:32:15 PM org.openqa.selenium.chromium.ChromiumDriver lambda$new$5
WARNING: Unable to find version of CDP to use for 126.0.6478.116. You may need to include a dependency on a specific version of the CDP using something similar to `org.seleniumhq.selenium:selenium-devtools-v86:4.17.0` where the version ("v86") matches the version of the chromium-based browser you're using and the version number of the artifact is the same as Selenium's.
]]></system-err>
  </testcase>
  <testcase name="verifyLogin" classname="com.saucedemo.testcases.LoginPageTest" time="0.975">
    <system-out><![CDATA[Browser is  Chrome
the url ishttps://www.saucedemo.com/driver is ChromeDriver: chrome on windows (653eab8a005009f1c3801947db8ac83d)driver is hereChromeDriver: chrome on windows (653eab8a005009f1c3801947db8ac83d)driver is hereChromeDriver: chrome on windows (653eab8a005009f1c3801947db8ac83d)]]></system-out>
    <system-err><![CDATA[Jun 24, 2024 9:32:19 PM org.openqa.selenium.devtools.CdpVersionFinder findNearestMatch
WARNING: Unable to find CDP implementation matching 126
Jun 24, 2024 9:32:19 PM org.openqa.selenium.chromium.ChromiumDriver lambda$new$5
WARNING: Unable to find version of CDP to use for 126.0.6478.116. You may need to include a dependency on a specific version of the CDP using something similar to `org.seleniumhq.selenium:selenium-devtools-v86:4.17.0` where the version ("v86") matches the version of the chromium-based browser you're using and the version number of the artifact is the same as Selenium's.
]]></system-err>
  </testcase>
  <testcase name="verifyInvaildLogin" classname="com.saucedemo.testcases.LoginPageTest" time="0.69">
    <system-out><![CDATA[Browser is  Chrome
the url ishttps://www.saucedemo.com/driver is ChromeDriver: chrome on windows (e0f98a12934b69c3937fc4e5fcf4e980)driver is hereChromeDriver: chrome on windows (e0f98a12934b69c3937fc4e5fcf4e980)]]></system-out>
    <system-err><![CDATA[Jun 24, 2024 9:32:22 PM org.openqa.selenium.devtools.CdpVersionFinder findNearestMatch
WARNING: Unable to find CDP implementation matching 126
Jun 24, 2024 9:32:22 PM org.openqa.selenium.chromium.ChromiumDriver lambda$new$5
WARNING: Unable to find version of CDP to use for 126.0.6478.116. You may need to include a dependency on a specific version of the CDP using something similar to `org.seleniumhq.selenium:selenium-devtools-v86:4.17.0` where the version ("v86") matches the version of the chromium-based browser you're using and the version number of the artifact is the same as Selenium's.
]]></system-err>
  </testcase>
  <testcase name="verifyOnHomeProductsPage" classname="com.saucedemo.testcases.HomeProductsPageTest" time="0.077">
    <system-out><![CDATA[Browser is  Chrome
the url ishttps://www.saucedemo.com/driver is ChromeDriver: chrome on windows (df11184b66477f2589f84f5fad3d39de)driver is hereChromeDriver: chrome on windows (df11184b66477f2589f84f5fad3d39de)driver is hereChromeDriver: chrome on windows (df11184b66477f2589f84f5fad3d39de)]]></system-out>
    <system-err><![CDATA[Jun 24, 2024 9:32:25 PM org.openqa.selenium.devtools.CdpVersionFinder findNearestMatch
WARNING: Unable to find CDP implementation matching 126
Jun 24, 2024 9:32:25 PM org.openqa.selenium.chromium.ChromiumDriver lambda$new$5
WARNING: Unable to find version of CDP to use for 126.0.6478.116. You may need to include a dependency on a specific version of the CDP using something similar to `org.seleniumhq.selenium:selenium-devtools-v86:4.17.0` where the version ("v86") matches the version of the chromium-based browser you're using and the version number of the artifact is the same as Selenium's.
]]></system-err>
  </testcase>
  <testcase name="verifyPriceLowToHighDisplayed" classname="com.saucedemo.testcases.HomeProductsPageTest" time="0.387">
    <system-out><![CDATA[Browser is  Chrome
the url ishttps://www.saucedemo.com/driver is ChromeDriver: chrome on windows (036fdc64fdcdf1accd392cb048f691f3)driver is hereChromeDriver: chrome on windows (036fdc64fdcdf1accd392cb048f691f3)driver is hereChromeDriver: chrome on windows (036fdc64fdcdf1accd392cb048f691f3)Sorted List is [7.99, 9.99, 15.99, 15.99, 29.99, 49.99]
Actual List is [7.99, 9.99, 15.99, 15.99, 29.99, 49.99]
]]></system-out>
    <system-err><![CDATA[Jun 24, 2024 9:32:28 PM org.openqa.selenium.devtools.CdpVersionFinder findNearestMatch
WARNING: Unable to find CDP implementation matching 126
Jun 24, 2024 9:32:28 PM org.openqa.selenium.chromium.ChromiumDriver lambda$new$5
WARNING: Unable to find version of CDP to use for 126.0.6478.116. You may need to include a dependency on a specific version of the CDP using something similar to `org.seleniumhq.selenium:selenium-devtools-v86:4.17.0` where the version ("v86") matches the version of the chromium-based browser you're using and the version number of the artifact is the same as Selenium's.
]]></system-err>
  </testcase>
  <testcase name="verifyPriceHighToLowDisplayed" classname="com.saucedemo.testcases.HomeProductsPageTest" time="0.35">
    <system-out><![CDATA[Browser is  Chrome
the url ishttps://www.saucedemo.com/driver is ChromeDriver: chrome on windows (f48d9c7279f795a3d41d28aaea04b96a)driver is hereChromeDriver: chrome on windows (f48d9c7279f795a3d41d28aaea04b96a)driver is hereChromeDriver: chrome on windows (f48d9c7279f795a3d41d28aaea04b96a)Sorted List is [49.99, 29.99, 15.99, 15.99, 9.99, 7.99]
Actual List is [49.99, 29.99, 15.99, 15.99, 9.99, 7.99]
]]></system-out>
    <system-err><![CDATA[Jun 24, 2024 9:32:32 PM org.openqa.selenium.devtools.CdpVersionFinder findNearestMatch
WARNING: Unable to find CDP implementation matching 126
Jun 24, 2024 9:32:32 PM org.openqa.selenium.chromium.ChromiumDriver lambda$new$5
WARNING: Unable to find version of CDP to use for 126.0.6478.116. You may need to include a dependency on a specific version of the CDP using something similar to `org.seleniumhq.selenium:selenium-devtools-v86:4.17.0` where the version ("v86") matches the version of the chromium-based browser you're using and the version number of the artifact is the same as Selenium's.
]]></system-err>
  </testcase>
  <testcase name="verifyNamesInAscendingOderDisplayed" classname="com.saucedemo.testcases.HomeProductsPageTest" time="0.236">
    <system-out><![CDATA[Browser is  Chrome
the url ishttps://www.saucedemo.com/driver is ChromeDriver: chrome on windows (1f27470117a52ef14de5d4017204e120)driver is hereChromeDriver: chrome on windows (1f27470117a52ef14de5d4017204e120)driver is hereChromeDriver: chrome on windows (1f27470117a52ef14de5d4017204e120)Sorted List is [Sauce Labs Backpack, Sauce Labs Bike Light, Sauce Labs Bolt T-Shirt, Sauce Labs Fleece Jacket, Sauce Labs Onesie, Test.allTheThings() T-Shirt (Red)]
Actual List is [Sauce Labs Backpack, Sauce Labs Bike Light, Sauce Labs Bolt T-Shirt, Sauce Labs Fleece Jacket, Sauce Labs Onesie, Test.allTheThings() T-Shirt (Red)]
]]></system-out>
    <system-err><![CDATA[Jun 24, 2024 9:32:35 PM org.openqa.selenium.devtools.CdpVersionFinder findNearestMatch
WARNING: Unable to find CDP implementation matching 126
Jun 24, 2024 9:32:35 PM org.openqa.selenium.chromium.ChromiumDriver lambda$new$5
WARNING: Unable to find version of CDP to use for 126.0.6478.116. You may need to include a dependency on a specific version of the CDP using something similar to `org.seleniumhq.selenium:selenium-devtools-v86:4.17.0` where the version ("v86") matches the version of the chromium-based browser you're using and the version number of the artifact is the same as Selenium's.
]]></system-err>
  </testcase>
  <testcase name="verifyNamesInDescendingOderDisplayed" classname="com.saucedemo.testcases.HomeProductsPageTest" time="0.386">
    <system-out><![CDATA[Browser is  Chrome
the url ishttps://www.saucedemo.com/driver is ChromeDriver: chrome on windows (3265f1a1224d65b9a2e13cfd99ea6e4c)driver is hereChromeDriver: chrome on windows (3265f1a1224d65b9a2e13cfd99ea6e4c)driver is hereChromeDriver: chrome on windows (3265f1a1224d65b9a2e13cfd99ea6e4c)Sorted List is [Test.allTheThings() T-Shirt (Red), Sauce Labs Onesie, Sauce Labs Fleece Jacket, Sauce Labs Bolt T-Shirt, Sauce Labs Bike Light, Sauce Labs Backpack]
Actual List is [Test.allTheThings() T-Shirt (Red), Sauce Labs Onesie, Sauce Labs Fleece Jacket, Sauce Labs Bolt T-Shirt, Sauce Labs Bike Light, Sauce Labs Backpack]
]]></system-out>
    <system-err><![CDATA[Jun 24, 2024 9:32:38 PM org.openqa.selenium.devtools.CdpVersionFinder findNearestMatch
WARNING: Unable to find CDP implementation matching 126
Jun 24, 2024 9:32:38 PM org.openqa.selenium.chromium.ChromiumDriver lambda$new$5
WARNING: Unable to find version of CDP to use for 126.0.6478.116. You may need to include a dependency on a specific version of the CDP using something similar to `org.seleniumhq.selenium:selenium-devtools-v86:4.17.0` where the version ("v86") matches the version of the chromium-based browser you're using and the version number of the artifact is the same as Selenium's.
]]></system-err>
  </testcase>
  <testcase name="verifyAddToCart" classname="com.saucedemo.testcases.HomeProductsPageTest" time="0.44">
    <system-out><![CDATA[Browser is  Chrome
the url ishttps://www.saucedemo.com/driver is ChromeDriver: chrome on windows (bae44060f8d226f3ac9cd50132ff9d52)driver is hereChromeDriver: chrome on windows (bae44060f8d226f3ac9cd50132ff9d52)driver is hereChromeDriver: chrome on windows (bae44060f8d226f3ac9cd50132ff9d52)]]></system-out>
    <system-err><![CDATA[Jun 24, 2024 9:32:42 PM org.openqa.selenium.devtools.CdpVersionFinder findNearestMatch
WARNING: Unable to find CDP implementation matching 126
Jun 24, 2024 9:32:42 PM org.openqa.selenium.chromium.ChromiumDriver lambda$new$5
WARNING: Unable to find version of CDP to use for 126.0.6478.116. You may need to include a dependency on a specific version of the CDP using something similar to `org.seleniumhq.selenium:selenium-devtools-v86:4.17.0` where the version ("v86") matches the version of the chromium-based browser you're using and the version number of the artifact is the same as Selenium's.
]]></system-err>
  </testcase>
  <testcase name="verifyAddingTwoItems" classname="com.saucedemo.testcases.HomeProductsPageTest" time="0.53">
    <system-out><![CDATA[Browser is  Chrome
the url ishttps://www.saucedemo.com/driver is ChromeDriver: chrome on windows (6984adbb29328729beb8f5cd2d67b461)driver is hereChromeDriver: chrome on windows (6984adbb29328729beb8f5cd2d67b461)driver is hereChromeDriver: chrome on windows (6984adbb29328729beb8f5cd2d67b461)]]></system-out>
    <system-err><![CDATA[Jun 24, 2024 9:32:45 PM org.openqa.selenium.devtools.CdpVersionFinder findNearestMatch
WARNING: Unable to find CDP implementation matching 126
Jun 24, 2024 9:32:45 PM org.openqa.selenium.chromium.ChromiumDriver lambda$new$5
WARNING: Unable to find version of CDP to use for 126.0.6478.116. You may need to include a dependency on a specific version of the CDP using something similar to `org.seleniumhq.selenium:selenium-devtools-v86:4.17.0` where the version ("v86") matches the version of the chromium-based browser you're using and the version number of the artifact is the same as Selenium's.
]]></system-err>
  </testcase>
  <testcase name="verifyClickingOnProductLink" classname="com.saucedemo.testcases.HomeProductsPageTest" time="0.221">
    <system-out><![CDATA[Browser is  Chrome
the url ishttps://www.saucedemo.com/driver is ChromeDriver: chrome on windows (328ae42a76912a8f46a7d657c97f2ada)driver is hereChromeDriver: chrome on windows (328ae42a76912a8f46a7d657c97f2ada)driver is hereChromeDriver: chrome on windows (328ae42a76912a8f46a7d657c97f2ada)driver is hereChromeDriver: chrome on windows (328ae42a76912a8f46a7d657c97f2ada)]]></system-out>
    <system-err><![CDATA[Jun 24, 2024 9:32:50 PM org.openqa.selenium.devtools.CdpVersionFinder findNearestMatch
WARNING: Unable to find CDP implementation matching 126
Jun 24, 2024 9:32:50 PM org.openqa.selenium.chromium.ChromiumDriver lambda$new$5
WARNING: Unable to find version of CDP to use for 126.0.6478.116. You may need to include a dependency on a specific version of the CDP using something similar to `org.seleniumhq.selenium:selenium-devtools-v86:4.17.0` where the version ("v86") matches the version of the chromium-based browser you're using and the version number of the artifact is the same as Selenium's.
]]></system-err>
  </testcase>
  <testcase name="verifyClickingOnCart" classname="com.saucedemo.testcases.HomeProductsPageTest" time="0.252">
    <system-out><![CDATA[Browser is  Chrome
the url ishttps://www.saucedemo.com/driver is ChromeDriver: chrome on windows (389f4ccdca8a3a7c78607a338a1f1b55)driver is hereChromeDriver: chrome on windows (389f4ccdca8a3a7c78607a338a1f1b55)driver is hereChromeDriver: chrome on windows (389f4ccdca8a3a7c78607a338a1f1b55)]]></system-out>
    <system-err><![CDATA[Jun 24, 2024 9:32:53 PM org.openqa.selenium.devtools.CdpVersionFinder findNearestMatch
WARNING: Unable to find CDP implementation matching 126
Jun 24, 2024 9:32:53 PM org.openqa.selenium.chromium.ChromiumDriver lambda$new$5
WARNING: Unable to find version of CDP to use for 126.0.6478.116. You may need to include a dependency on a specific version of the CDP using something similar to `org.seleniumhq.selenium:selenium-devtools-v86:4.17.0` where the version ("v86") matches the version of the chromium-based browser you're using and the version number of the artifact is the same as Selenium's.
]]></system-err>
  </testcase>
  <testcase name="verifyOnProductDetailsPage" classname="com.saucedemo.testcases.ProductDetailPageTest" time="0.069">
    <system-out><![CDATA[Browser is  Chrome
the url ishttps://www.saucedemo.com/driver is ChromeDriver: chrome on windows (d8ce82301ac444e1a6c3fb4fde860024)driver is hereChromeDriver: chrome on windows (d8ce82301ac444e1a6c3fb4fde860024)driver is hereChromeDriver: chrome on windows (d8ce82301ac444e1a6c3fb4fde860024)driver is hereChromeDriver: chrome on windows (d8ce82301ac444e1a6c3fb4fde860024)]]></system-out>
    <system-err><![CDATA[Jun 24, 2024 9:32:57 PM org.openqa.selenium.devtools.CdpVersionFinder findNearestMatch
WARNING: Unable to find CDP implementation matching 126
Jun 24, 2024 9:32:57 PM org.openqa.selenium.chromium.ChromiumDriver lambda$new$5
WARNING: Unable to find version of CDP to use for 126.0.6478.116. You may need to include a dependency on a specific version of the CDP using something similar to `org.seleniumhq.selenium:selenium-devtools-v86:4.17.0` where the version ("v86") matches the version of the chromium-based browser you're using and the version number of the artifact is the same as Selenium's.
]]></system-err>
  </testcase>
  <testcase name="verifyAddProductToCart" classname="com.saucedemo.testcases.ProductDetailPageTest" time="0.245">
    <system-out><![CDATA[Browser is  Chrome
the url ishttps://www.saucedemo.com/driver is ChromeDriver: chrome on windows (9e02c3f3acb8abea648a3e990c07a482)driver is hereChromeDriver: chrome on windows (9e02c3f3acb8abea648a3e990c07a482)driver is hereChromeDriver: chrome on windows (9e02c3f3acb8abea648a3e990c07a482)driver is hereChromeDriver: chrome on windows (9e02c3f3acb8abea648a3e990c07a482)Cart Count is 1
]]></system-out>
    <system-err><![CDATA[Jun 24, 2024 9:33:00 PM org.openqa.selenium.devtools.CdpVersionFinder findNearestMatch
WARNING: Unable to find CDP implementation matching 126
Jun 24, 2024 9:33:00 PM org.openqa.selenium.chromium.ChromiumDriver lambda$new$5
WARNING: Unable to find version of CDP to use for 126.0.6478.116. You may need to include a dependency on a specific version of the CDP using something similar to `org.seleniumhq.selenium:selenium-devtools-v86:4.17.0` where the version ("v86") matches the version of the chromium-based browser you're using and the version number of the artifact is the same as Selenium's.
]]></system-err>
  </testcase>
  <testcase name="verifyClickingOnCart" classname="com.saucedemo.testcases.ProductDetailPageTest" time="0.185">
    <system-out><![CDATA[Browser is  Chrome
the url ishttps://www.saucedemo.com/driver is ChromeDriver: chrome on windows (b05f56507d04d923f6c39511564ddf7a)driver is hereChromeDriver: chrome on windows (b05f56507d04d923f6c39511564ddf7a)driver is hereChromeDriver: chrome on windows (b05f56507d04d923f6c39511564ddf7a)driver is hereChromeDriver: chrome on windows (b05f56507d04d923f6c39511564ddf7a)]]></system-out>
    <system-err><![CDATA[Jun 24, 2024 9:33:04 PM org.openqa.selenium.devtools.CdpVersionFinder findNearestMatch
WARNING: Unable to find CDP implementation matching 126
Jun 24, 2024 9:33:04 PM org.openqa.selenium.chromium.ChromiumDriver lambda$new$5
WARNING: Unable to find version of CDP to use for 126.0.6478.116. You may need to include a dependency on a specific version of the CDP using something similar to `org.seleniumhq.selenium:selenium-devtools-v86:4.17.0` where the version ("v86") matches the version of the chromium-based browser you're using and the version number of the artifact is the same as Selenium's.
]]></system-err>
  </testcase>
  <testcase name="verifyOnShoppingCartPage" classname="com.saucedemo.testcases.ShoppingCartPageTest" time="0.042">
    <system-out><![CDATA[Browser is  Chrome
the url ishttps://www.saucedemo.com/driver is ChromeDriver: chrome on windows (2831720d8a29adbac1cc3e889760d137)driver is hereChromeDriver: chrome on windows (2831720d8a29adbac1cc3e889760d137)driver is hereChromeDriver: chrome on windows (2831720d8a29adbac1cc3e889760d137)driver is hereChromeDriver: chrome on windows (2831720d8a29adbac1cc3e889760d137)driver is hereChromeDriver: chrome on windows (2831720d8a29adbac1cc3e889760d137)driver is hereChromeDriver: chrome on windows (2831720d8a29adbac1cc3e889760d137)]]></system-out>
    <system-err><![CDATA[Jun 24, 2024 9:33:07 PM org.openqa.selenium.devtools.CdpVersionFinder findNearestMatch
WARNING: Unable to find CDP implementation matching 126
Jun 24, 2024 9:33:07 PM org.openqa.selenium.chromium.ChromiumDriver lambda$new$5
WARNING: Unable to find version of CDP to use for 126.0.6478.116. You may need to include a dependency on a specific version of the CDP using something similar to `org.seleniumhq.selenium:selenium-devtools-v86:4.17.0` where the version ("v86") matches the version of the chromium-based browser you're using and the version number of the artifact is the same as Selenium's.
]]></system-err>
  </testcase>
  <testcase name="verifyCheckOutButton" classname="com.saucedemo.testcases.ShoppingCartPageTest" time="0.257">
    <system-out><![CDATA[Browser is  Chrome
the url ishttps://www.saucedemo.com/driver is ChromeDriver: chrome on windows (26bf75621fb14ac5abdf52bdb720546b)driver is hereChromeDriver: chrome on windows (26bf75621fb14ac5abdf52bdb720546b)driver is hereChromeDriver: chrome on windows (26bf75621fb14ac5abdf52bdb720546b)driver is hereChromeDriver: chrome on windows (26bf75621fb14ac5abdf52bdb720546b)driver is hereChromeDriver: chrome on windows (26bf75621fb14ac5abdf52bdb720546b)driver is hereChromeDriver: chrome on windows (26bf75621fb14ac5abdf52bdb720546b)]]></system-out>
    <system-err><![CDATA[Jun 24, 2024 9:33:11 PM org.openqa.selenium.devtools.CdpVersionFinder findNearestMatch
WARNING: Unable to find CDP implementation matching 126
Jun 24, 2024 9:33:11 PM org.openqa.selenium.chromium.ChromiumDriver lambda$new$5
WARNING: Unable to find version of CDP to use for 126.0.6478.116. You may need to include a dependency on a specific version of the CDP using something similar to `org.seleniumhq.selenium:selenium-devtools-v86:4.17.0` where the version ("v86") matches the version of the chromium-based browser you're using and the version number of the artifact is the same as Selenium's.
]]></system-err>
  </testcase>
  <testcase name="verifyContinueShoppingButton" classname="com.saucedemo.testcases.ShoppingCartPageTest" time="0.136">
    <system-out><![CDATA[Browser is  Chrome
the url ishttps://www.saucedemo.com/driver is ChromeDriver: chrome on windows (98b84e4b32d1bb2a3355c02bc7aa805b)driver is hereChromeDriver: chrome on windows (98b84e4b32d1bb2a3355c02bc7aa805b)driver is hereChromeDriver: chrome on windows (98b84e4b32d1bb2a3355c02bc7aa805b)driver is hereChromeDriver: chrome on windows (98b84e4b32d1bb2a3355c02bc7aa805b)driver is hereChromeDriver: chrome on windows (98b84e4b32d1bb2a3355c02bc7aa805b)driver is hereChromeDriver: chrome on windows (98b84e4b32d1bb2a3355c02bc7aa805b)driver is hereChromeDriver: chrome on windows (98b84e4b32d1bb2a3355c02bc7aa805b)]]></system-out>
    <system-err><![CDATA[Jun 24, 2024 9:33:15 PM org.openqa.selenium.devtools.CdpVersionFinder findNearestMatch
WARNING: Unable to find CDP implementation matching 126
Jun 24, 2024 9:33:15 PM org.openqa.selenium.chromium.ChromiumDriver lambda$new$5
WARNING: Unable to find version of CDP to use for 126.0.6478.116. You may need to include a dependency on a specific version of the CDP using something similar to `org.seleniumhq.selenium:selenium-devtools-v86:4.17.0` where the version ("v86") matches the version of the chromium-based browser you're using and the version number of the artifact is the same as Selenium's.
]]></system-err>
  </testcase>
  <testcase name="verifyOnCheckoutPage" classname="com.saucedemo.testcases.CheckoutPageTest" time="0.039">
    <system-out><![CDATA[Browser is  Chrome
the url ishttps://www.saucedemo.com/driver is ChromeDriver: chrome on windows (984b06993c110b9438b23ce860a76a42)driver is hereChromeDriver: chrome on windows (984b06993c110b9438b23ce860a76a42)driver is hereChromeDriver: chrome on windows (984b06993c110b9438b23ce860a76a42)driver is hereChromeDriver: chrome on windows (984b06993c110b9438b23ce860a76a42)driver is hereChromeDriver: chrome on windows (984b06993c110b9438b23ce860a76a42)driver is hereChromeDriver: chrome on windows (984b06993c110b9438b23ce860a76a42)]]></system-out>
    <system-err><![CDATA[Jun 24, 2024 9:33:19 PM org.openqa.selenium.devtools.CdpVersionFinder findNearestMatch
WARNING: Unable to find CDP implementation matching 126
Jun 24, 2024 9:33:19 PM org.openqa.selenium.chromium.ChromiumDriver lambda$new$5
WARNING: Unable to find version of CDP to use for 126.0.6478.116. You may need to include a dependency on a specific version of the CDP using something similar to `org.seleniumhq.selenium:selenium-devtools-v86:4.17.0` where the version ("v86") matches the version of the chromium-based browser you're using and the version number of the artifact is the same as Selenium's.
]]></system-err>
  </testcase>
  <testcase name="verifyCancelButton" classname="com.saucedemo.testcases.CheckoutPageTest" time="0.136">
    <system-out><![CDATA[Browser is  Chrome
the url ishttps://www.saucedemo.com/driver is ChromeDriver: chrome on windows (84661fc9a1dc131149ad1b7db1947af1)driver is hereChromeDriver: chrome on windows (84661fc9a1dc131149ad1b7db1947af1)driver is hereChromeDriver: chrome on windows (84661fc9a1dc131149ad1b7db1947af1)driver is hereChromeDriver: chrome on windows (84661fc9a1dc131149ad1b7db1947af1)driver is hereChromeDriver: chrome on windows (84661fc9a1dc131149ad1b7db1947af1)driver is hereChromeDriver: chrome on windows (84661fc9a1dc131149ad1b7db1947af1)]]></system-out>
    <system-err><![CDATA[Jun 24, 2024 9:33:22 PM org.openqa.selenium.devtools.CdpVersionFinder findNearestMatch
WARNING: Unable to find CDP implementation matching 126
Jun 24, 2024 9:33:22 PM org.openqa.selenium.chromium.ChromiumDriver lambda$new$5
WARNING: Unable to find version of CDP to use for 126.0.6478.116. You may need to include a dependency on a specific version of the CDP using something similar to `org.seleniumhq.selenium:selenium-devtools-v86:4.17.0` where the version ("v86") matches the version of the chromium-based browser you're using and the version number of the artifact is the same as Selenium's.
]]></system-err>
  </testcase>
  <testcase name="verifyContinueCheckoutButton" classname="com.saucedemo.testcases.CheckoutPageTest" time="1.296">
    <system-out><![CDATA[Browser is  Chrome
the url ishttps://www.saucedemo.com/driver is ChromeDriver: chrome on windows (93725592e709133a68e21e0d4a9bf5e3)driver is hereChromeDriver: chrome on windows (93725592e709133a68e21e0d4a9bf5e3)driver is hereChromeDriver: chrome on windows (93725592e709133a68e21e0d4a9bf5e3)driver is hereChromeDriver: chrome on windows (93725592e709133a68e21e0d4a9bf5e3)driver is hereChromeDriver: chrome on windows (93725592e709133a68e21e0d4a9bf5e3)driver is hereChromeDriver: chrome on windows (93725592e709133a68e21e0d4a9bf5e3)driver is hereChromeDriver: chrome on windows (93725592e709133a68e21e0d4a9bf5e3)]]></system-out>
    <system-err><![CDATA[Jun 24, 2024 9:33:26 PM org.openqa.selenium.devtools.CdpVersionFinder findNearestMatch
WARNING: Unable to find CDP implementation matching 126
Jun 24, 2024 9:33:26 PM org.openqa.selenium.chromium.ChromiumDriver lambda$new$5
WARNING: Unable to find version of CDP to use for 126.0.6478.116. You may need to include a dependency on a specific version of the CDP using something similar to `org.seleniumhq.selenium:selenium-devtools-v86:4.17.0` where the version ("v86") matches the version of the chromium-based browser you're using and the version number of the artifact is the same as Selenium's.
ERROR StatusLogger Log4j2 could not find a logging implementation. Please add log4j-core to the classpath. Using SimpleLogger to log to the console...
]]></system-err>
  </testcase>
  <testcase name="verifyOnOverviewPage" classname="com.saucedemo.testcases.OverviewPageTest" time="0.038">
    <system-out><![CDATA[Browser is  Chrome
the url ishttps://www.saucedemo.com/driver is ChromeDriver: chrome on windows (c30141cd297b8f578eb2e8afd79f0399)driver is hereChromeDriver: chrome on windows (c30141cd297b8f578eb2e8afd79f0399)driver is hereChromeDriver: chrome on windows (c30141cd297b8f578eb2e8afd79f0399)driver is hereChromeDriver: chrome on windows (c30141cd297b8f578eb2e8afd79f0399)driver is hereChromeDriver: chrome on windows (c30141cd297b8f578eb2e8afd79f0399)driver is hereChromeDriver: chrome on windows (c30141cd297b8f578eb2e8afd79f0399)driver is hereChromeDriver: chrome on windows (c30141cd297b8f578eb2e8afd79f0399)]]></system-out>
    <system-err><![CDATA[Jun 24, 2024 9:33:31 PM org.openqa.selenium.devtools.CdpVersionFinder findNearestMatch
WARNING: Unable to find CDP implementation matching 126
Jun 24, 2024 9:33:31 PM org.openqa.selenium.chromium.ChromiumDriver lambda$new$5
WARNING: Unable to find version of CDP to use for 126.0.6478.116. You may need to include a dependency on a specific version of the CDP using something similar to `org.seleniumhq.selenium:selenium-devtools-v86:4.17.0` where the version ("v86") matches the version of the chromium-based browser you're using and the version number of the artifact is the same as Selenium's.
]]></system-err>
  </testcase>
  <testcase name="verifyTotalPriceWithoutTax" classname="com.saucedemo.testcases.OverviewPageTest" time="0.097">
    <system-out><![CDATA[Browser is  Chrome
the url ishttps://www.saucedemo.com/driver is ChromeDriver: chrome on windows (faf9109f7defe2260f46d771bfd56d9b)driver is hereChromeDriver: chrome on windows (faf9109f7defe2260f46d771bfd56d9b)driver is hereChromeDriver: chrome on windows (faf9109f7defe2260f46d771bfd56d9b)driver is hereChromeDriver: chrome on windows (faf9109f7defe2260f46d771bfd56d9b)driver is hereChromeDriver: chrome on windows (faf9109f7defe2260f46d771bfd56d9b)driver is hereChromeDriver: chrome on windows (faf9109f7defe2260f46d771bfd56d9b)driver is hereChromeDriver: chrome on windows (faf9109f7defe2260f46d771bfd56d9b)Displayed Sum is 17.98
Sum is 17.98
]]></system-out>
    <system-err><![CDATA[Jun 24, 2024 9:33:35 PM org.openqa.selenium.devtools.CdpVersionFinder findNearestMatch
WARNING: Unable to find CDP implementation matching 126
Jun 24, 2024 9:33:35 PM org.openqa.selenium.chromium.ChromiumDriver lambda$new$5
WARNING: Unable to find version of CDP to use for 126.0.6478.116. You may need to include a dependency on a specific version of the CDP using something similar to `org.seleniumhq.selenium:selenium-devtools-v86:4.17.0` where the version ("v86") matches the version of the chromium-based browser you're using and the version number of the artifact is the same as Selenium's.
]]></system-err>
  </testcase>
  <testcase name="verifyTax" classname="com.saucedemo.testcases.OverviewPageTest" time="0.099">
    <system-out><![CDATA[Browser is  Chrome
the url ishttps://www.saucedemo.com/driver is ChromeDriver: chrome on windows (e6605d58b6230aff11261dfe1a39c9bc)driver is hereChromeDriver: chrome on windows (e6605d58b6230aff11261dfe1a39c9bc)driver is hereChromeDriver: chrome on windows (e6605d58b6230aff11261dfe1a39c9bc)driver is hereChromeDriver: chrome on windows (e6605d58b6230aff11261dfe1a39c9bc)driver is hereChromeDriver: chrome on windows (e6605d58b6230aff11261dfe1a39c9bc)driver is hereChromeDriver: chrome on windows (e6605d58b6230aff11261dfe1a39c9bc)driver is hereChromeDriver: chrome on windows (e6605d58b6230aff11261dfe1a39c9bc)Displayed tax is 1.44
Sum is 17.98
calculated tax is 1.44
]]></system-out>
    <system-err><![CDATA[Jun 24, 2024 9:33:40 PM org.openqa.selenium.devtools.CdpVersionFinder findNearestMatch
WARNING: Unable to find CDP implementation matching 126
Jun 24, 2024 9:33:40 PM org.openqa.selenium.chromium.ChromiumDriver lambda$new$5
WARNING: Unable to find version of CDP to use for 126.0.6478.116. You may need to include a dependency on a specific version of the CDP using something similar to `org.seleniumhq.selenium:selenium-devtools-v86:4.17.0` where the version ("v86") matches the version of the chromium-based browser you're using and the version number of the artifact is the same as Selenium's.
]]></system-err>
  </testcase>
  <testcase name="verifyFinalTotal" classname="com.saucedemo.testcases.OverviewPageTest" time="0.145">
    <system-out><![CDATA[Browser is  Chrome
the url ishttps://www.saucedemo.com/driver is ChromeDriver: chrome on windows (71a4717610fee690a5757f57fa736a2f)driver is hereChromeDriver: chrome on windows (71a4717610fee690a5757f57fa736a2f)driver is hereChromeDriver: chrome on windows (71a4717610fee690a5757f57fa736a2f)driver is hereChromeDriver: chrome on windows (71a4717610fee690a5757f57fa736a2f)driver is hereChromeDriver: chrome on windows (71a4717610fee690a5757f57fa736a2f)driver is hereChromeDriver: chrome on windows (71a4717610fee690a5757f57fa736a2f)driver is hereChromeDriver: chrome on windows (71a4717610fee690a5757f57fa736a2f)Displayed FinalTotal is 19.42
Sum is 17.98
Sum is 17.98
calculated tax is 1.44
Final Total is 19.42
]]></system-out>
    <system-err><![CDATA[Jun 24, 2024 9:33:45 PM org.openqa.selenium.devtools.CdpVersionFinder findNearestMatch
WARNING: Unable to find CDP implementation matching 126
Jun 24, 2024 9:33:45 PM org.openqa.selenium.chromium.ChromiumDriver lambda$new$5
WARNING: Unable to find version of CDP to use for 126.0.6478.116. You may need to include a dependency on a specific version of the CDP using something similar to `org.seleniumhq.selenium:selenium-devtools-v86:4.17.0` where the version ("v86") matches the version of the chromium-based browser you're using and the version number of the artifact is the same as Selenium's.
]]></system-err>
  </testcase>
  <testcase name="verifyClickingOnCancel" classname="com.saucedemo.testcases.OverviewPageTest" time="0.129">
    <system-out><![CDATA[Browser is  Chrome
the url ishttps://www.saucedemo.com/driver is ChromeDriver: chrome on windows (f8e27fe9a1f57ed4e9360d5a90acfca5)driver is hereChromeDriver: chrome on windows (f8e27fe9a1f57ed4e9360d5a90acfca5)driver is hereChromeDriver: chrome on windows (f8e27fe9a1f57ed4e9360d5a90acfca5)driver is hereChromeDriver: chrome on windows (f8e27fe9a1f57ed4e9360d5a90acfca5)driver is hereChromeDriver: chrome on windows (f8e27fe9a1f57ed4e9360d5a90acfca5)driver is hereChromeDriver: chrome on windows (f8e27fe9a1f57ed4e9360d5a90acfca5)driver is hereChromeDriver: chrome on windows (f8e27fe9a1f57ed4e9360d5a90acfca5)driver is hereChromeDriver: chrome on windows (f8e27fe9a1f57ed4e9360d5a90acfca5)]]></system-out>
    <system-err><![CDATA[Jun 24, 2024 9:33:51 PM org.openqa.selenium.devtools.CdpVersionFinder findNearestMatch
WARNING: Unable to find CDP implementation matching 126
Jun 24, 2024 9:33:51 PM org.openqa.selenium.chromium.ChromiumDriver lambda$new$5
WARNING: Unable to find version of CDP to use for 126.0.6478.116. You may need to include a dependency on a specific version of the CDP using something similar to `org.seleniumhq.selenium:selenium-devtools-v86:4.17.0` where the version ("v86") matches the version of the chromium-based browser you're using and the version number of the artifact is the same as Selenium's.
]]></system-err>
  </testcase>
  <testcase name="verifyClickingOnFinish" classname="com.saucedemo.testcases.OverviewPageTest" time="0.135">
    <system-out><![CDATA[Browser is  Chrome
the url ishttps://www.saucedemo.com/driver is ChromeDriver: chrome on windows (79d8d42ae90a9c55c67c6450ab2e1803)driver is hereChromeDriver: chrome on windows (79d8d42ae90a9c55c67c6450ab2e1803)driver is hereChromeDriver: chrome on windows (79d8d42ae90a9c55c67c6450ab2e1803)driver is hereChromeDriver: chrome on windows (79d8d42ae90a9c55c67c6450ab2e1803)driver is hereChromeDriver: chrome on windows (79d8d42ae90a9c55c67c6450ab2e1803)driver is hereChromeDriver: chrome on windows (79d8d42ae90a9c55c67c6450ab2e1803)driver is hereChromeDriver: chrome on windows (79d8d42ae90a9c55c67c6450ab2e1803)driver is hereChromeDriver: chrome on windows (79d8d42ae90a9c55c67c6450ab2e1803)]]></system-out>
    <system-err><![CDATA[Jun 24, 2024 9:33:56 PM org.openqa.selenium.devtools.CdpVersionFinder findNearestMatch
WARNING: Unable to find CDP implementation matching 126
Jun 24, 2024 9:33:56 PM org.openqa.selenium.chromium.ChromiumDriver lambda$new$5
WARNING: Unable to find version of CDP to use for 126.0.6478.116. You may need to include a dependency on a specific version of the CDP using something similar to `org.seleniumhq.selenium:selenium-devtools-v86:4.17.0` where the version ("v86") matches the version of the chromium-based browser you're using and the version number of the artifact is the same as Selenium's.
]]></system-err>
  </testcase>
  <testcase name="verifyOnFinalPage" classname="com.saucedemo.testcases.OrderCompletePageTest" time="0.037">
    <system-out><![CDATA[Browser is  Chrome
the url ishttps://www.saucedemo.com/driver is ChromeDriver: chrome on windows (913ad97391a4bbfaa6f6454d6ac5356f)driver is hereChromeDriver: chrome on windows (913ad97391a4bbfaa6f6454d6ac5356f)driver is hereChromeDriver: chrome on windows (913ad97391a4bbfaa6f6454d6ac5356f)driver is hereChromeDriver: chrome on windows (913ad97391a4bbfaa6f6454d6ac5356f)driver is hereChromeDriver: chrome on windows (913ad97391a4bbfaa6f6454d6ac5356f)driver is hereChromeDriver: chrome on windows (913ad97391a4bbfaa6f6454d6ac5356f)driver is hereChromeDriver: chrome on windows (913ad97391a4bbfaa6f6454d6ac5356f)driver is hereChromeDriver: chrome on windows (913ad97391a4bbfaa6f6454d6ac5356f)]]></system-out>
    <system-err><![CDATA[Jun 24, 2024 9:34:00 PM org.openqa.selenium.devtools.CdpVersionFinder findNearestMatch
WARNING: Unable to find CDP implementation matching 126
Jun 24, 2024 9:34:00 PM org.openqa.selenium.chromium.ChromiumDriver lambda$new$5
WARNING: Unable to find version of CDP to use for 126.0.6478.116. You may need to include a dependency on a specific version of the CDP using something similar to `org.seleniumhq.selenium:selenium-devtools-v86:4.17.0` where the version ("v86") matches the version of the chromium-based browser you're using and the version number of the artifact is the same as Selenium's.
]]></system-err>
  </testcase>
  <testcase name="verifyClickingOnBackHome" classname="com.saucedemo.testcases.OrderCompletePageTest" time="0.153">
    <system-out><![CDATA[Browser is  Chrome
the url ishttps://www.saucedemo.com/driver is ChromeDriver: chrome on windows (b83881dd19107b66886cd46dcbe0a05f)driver is hereChromeDriver: chrome on windows (b83881dd19107b66886cd46dcbe0a05f)driver is hereChromeDriver: chrome on windows (b83881dd19107b66886cd46dcbe0a05f)driver is hereChromeDriver: chrome on windows (b83881dd19107b66886cd46dcbe0a05f)driver is hereChromeDriver: chrome on windows (b83881dd19107b66886cd46dcbe0a05f)driver is hereChromeDriver: chrome on windows (b83881dd19107b66886cd46dcbe0a05f)driver is hereChromeDriver: chrome on windows (b83881dd19107b66886cd46dcbe0a05f)driver is hereChromeDriver: chrome on windows (b83881dd19107b66886cd46dcbe0a05f)driver is hereChromeDriver: chrome on windows (b83881dd19107b66886cd46dcbe0a05f)]]></system-out>
    <system-err><![CDATA[Jun 24, 2024 9:34:04 PM org.openqa.selenium.devtools.CdpVersionFinder findNearestMatch
WARNING: Unable to find CDP implementation matching 126
Jun 24, 2024 9:34:04 PM org.openqa.selenium.chromium.ChromiumDriver lambda$new$5
WARNING: Unable to find version of CDP to use for 126.0.6478.116. You may need to include a dependency on a specific version of the CDP using something similar to `org.seleniumhq.selenium:selenium-devtools-v86:4.17.0` where the version ("v86") matches the version of the chromium-based browser you're using and the version number of the artifact is the same as Selenium's.
]]></system-err>
  </testcase>
</testsuite>