<?xml version="1.0" encoding="UTF-8"?>
<testsuite xmlns:xsi="http://www.w3.org/2001/XMLSchema-instance" xsi:noNamespaceSchemaLocation="https://maven.apache.org/surefire/maven-surefire-plugin/xsd/surefire-test-report-3.0.xsd" version="3.0" name="com.saucedemo.testcases.OrderCompletePageTest" time="13.133" tests="2" errors="0" skipped="0" failures="0">
  <properties>
[...]
</properties>
  <testcase name="verifyOnFinalPage" classname="com.saucedemo.testcases.OrderCompletePageTest" time="2.053">
    <system-out><![CDATA[Browser is  Chrome
the url ishttps://www.saucedemo.com/driver is ChromeDriver: chrome on windows (ad06012cfa58b0b3944cb4da645d67f6)driver is hereChromeDriver: chrome on windows (ad06012cfa58b0b3944cb4da645d67f6)driver is hereChromeDriver: chrome on windows (ad06012cfa58b0b3944cb4da645d67f6)driver is hereChromeDriver: chrome on windows (ad06012cfa58b0b3944cb4da645d67f6)driver is hereChromeDriver: chrome on windows (ad06012cfa58b0b3944cb4da645d67f6)driver is hereChromeDriver: chrome on windows (ad06012cfa58b0b3944cb4da645d67f6)driver is hereChromeDriver: chrome on windows (ad06012cfa58b0b3944cb4da645d67f6)driver is hereChromeDriver: chrome on windows (ad06012cfa58b0b3944cb4da645d67f6)]]></system-out>
    <system-err><![CDATA[SLF4J: Failed to load class "org.slf4j.impl.StaticLoggerBinder".
SLF4J: Defaulting to no-operation (NOP) logger implementation
SLF4J: See http://www.slf4j.org/codes.html#StaticLoggerBinder for further details.
Mar 05, 2024 2:49:47 PM org.openqa.selenium.devtools.CdpVersionFinder findNearestMatch
WARNING: Unable to find an exact match for CDP version 122, returning the closest version; found: 121; Please update to a Selenium version that supports CDP version 122
]]></system-err>
  </testcase>
  <testcase name="verifyClickingOnBackHome" classname="com.saucedemo.testcases.OrderCompletePageTest" time="2.251">
    <system-out><![CDATA[Browser is  Chrome
the url ishttps://www.saucedemo.com/driver is ChromeDriver: chrome on windows (48b8a1e5abb8d29ab6daa6154b496214)driver is hereChromeDriver: chrome on windows (48b8a1e5abb8d29ab6daa6154b496214)driver is hereChromeDriver: chrome on windows (48b8a1e5abb8d29ab6daa6154b496214)driver is hereChromeDriver: chrome on windows (48b8a1e5abb8d29ab6daa6154b496214)driver is hereChromeDriver: chrome on windows (48b8a1e5abb8d29ab6daa6154b496214)driver is hereChromeDriver: chrome on windows (48b8a1e5abb8d29ab6daa6154b496214)driver is hereChromeDriver: chrome on windows (48b8a1e5abb8d29ab6daa6154b496214)driver is hereChromeDriver: chrome on windows (48b8a1e5abb8d29ab6daa6154b496214)driver is hereChromeDriver: chrome on windows (48b8a1e5abb8d29ab6daa6154b496214)]]></system-out>
    <system-err><![CDATA[Mar 05, 2024 2:49:53 PM org.openqa.selenium.devtools.CdpVersionFinder findNearestMatch
WARNING: Unable to find an exact match for CDP version 122, returning the closest version; found: 121; Please update to a Selenium version that supports CDP version 122
]]></system-err>
  </testcase>
</testsuite>